<?xml version="1.0" encoding="UTF-8"?>
<testng-results skipped="0" failed="0" total="1" passed="1">
  <reporter-output>
  </reporter-output>
  <suite name="Default suite" duration-ms="72" started-at="2021-12-29T14:34:31Z" finished-at="2021-12-29T14:34:31Z">
    <groups>
    </groups>
    <test name="Default test" duration-ms="72" started-at="2021-12-29T14:34:31Z" finished-at="2021-12-29T14:34:31Z">
      <class name="testngframework.AnnotationsDemo">
        <test-method status="PASS" signature="beforeSuite()[pri:0, instance:testngframework.AnnotationsDemo@5b464ce8]" name="beforeSuite" is-config="true" duration-ms="27" started-at="2021-12-29T20:04:31Z" finished-at="2021-12-29T20:04:31Z">
          <reporter-output>
          </reporter-output>
        </test-method> <!-- beforeSuite -->
        <test-method status="PASS" signature="beforeTest()[pri:0, instance:testngframework.AnnotationsDemo@5b464ce8]" name="beforeTest" is-config="true" duration-ms="1" started-at="2021-12-29T20:04:31Z" finished-at="2021-12-29T20:04:31Z">
          <reporter-output>
          </reporter-output>
        </test-method> <!-- beforeTest -->
        <test-method status="PASS" signature="beforeClass()[pri:0, instance:testngframework.AnnotationsDemo@5b464ce8]" name="beforeClass" is-config="true" duration-ms="0" started-at="2021-12-29T20:04:31Z" finished-at="2021-12-29T20:04:31Z">
          <reporter-output>
          </reporter-output>
        </test-method> <!-- beforeClass -->
        <test-method status="PASS" signature="beforeMethod()[pri:0, instance:testngframework.AnnotationsDemo@5b464ce8]" name="beforeMethod" is-config="true" duration-ms="1" started-at="2021-12-29T20:04:31Z" finished-at="2021-12-29T20:04:31Z">
          <reporter-output>
          </reporter-output>
        </test-method> <!-- beforeMethod -->
        <test-method status="PASS" signature="f()[pri:0, instance:testngframework.AnnotationsDemo@5b464ce8]" name="f" duration-ms="18" started-at="2021-12-29T20:04:31Z" finished-at="2021-12-29T20:04:31Z">
          <reporter-output>
          </reporter-output>
        </test-method> <!-- f -->
        <test-method status="PASS" signature="afterMethod()[pri:0, instance:testngframework.AnnotationsDemo@5b464ce8]" name="afterMethod" is-config="true" duration-ms="1" started-at="2021-12-29T20:04:31Z" finished-at="2021-12-29T20:04:31Z">
          <reporter-output>
          </reporter-output>
        </test-method> <!-- afterMethod -->
        <test-method status="PASS" signature="afterClass()[pri:0, instance:testngframework.AnnotationsDemo@5b464ce8]" name="afterClass" is-config="true" duration-ms="4" started-at="2021-12-29T20:04:31Z" finished-at="2021-12-29T20:04:31Z">
          <reporter-output>
          </reporter-output>
        </test-method> <!-- afterClass -->
        <test-method status="PASS" signature="afterTest()[pri:0, instance:testngframework.AnnotationsDemo@5b464ce8]" name="afterTest" is-config="true" duration-ms="1" started-at="2021-12-29T20:04:31Z" finished-at="2021-12-29T20:04:31Z">
          <reporter-output>
          </reporter-output>
        </test-method> <!-- afterTest -->
        <test-method status="PASS" signature="afterSuite()[pri:0, instance:testngframework.AnnotationsDemo@5b464ce8]" name="afterSuite" is-config="true" duration-ms="1" started-at="2021-12-29T20:04:31Z" finished-at="2021-12-29T20:04:31Z">
          <reporter-output>
          </reporter-output>
        </test-method> <!-- afterSuite -->
      </class> <!-- testngframework.AnnotationsDemo -->
    </test> <!-- Default test -->
  </suite> <!-- Default suite -->
</testng-results>
