<?xml version="1.0" encoding="UTF-8"?>
<!-- Generated by org.testng.reporters.JUnitXMLReporter -->
<testsuite hostname="DESKTOP-F1I28DR" name="jpet_registration_form" tests="4" failures="0" timestamp="13 Dec 2021 13:17:37 GMT" time="36.062" errors="0">
  <testcase name="pageload" time="26.969" classname="testNGFramework.jpet"/>
  <testcase name="userInfo" time="1.033" classname="testNGFramework.jpet"/>
  <testcase name="accountInfo" time="4.861" classname="testNGFramework.jpet"/>
  <testcase name="profileInfo" time="3.129" classname="testNGFramework.jpet"/>
</testsuite> <!-- jpet_registration_form -->
