<?xml version="1.0" encoding="UTF-8"?>
<!-- Generated by org.testng.reporters.JUnitXMLReporter -->
<testsuite hostname="DESKTOP-F1I28DR" name="Jpet_User_Registration_Scenario" tests="4" failures="0" timestamp="13 Dec 2021 03:51:34 GMT" time="30.83" errors="0">
  <testcase name="pageload" time="22.791" classname="testNGFramework.jpet"/>
  <testcase name="userInfo" time="0.667" classname="testNGFramework.jpet"/>
  <testcase name="accountInfo" time="4.807" classname="testNGFramework.jpet"/>
  <testcase name="profileInfo" time="2.505" classname="testNGFramework.jpet"/>
</testsuite> <!-- Jpet_User_Registration_Scenario -->
