<?xml version="1.0" encoding="UTF-8"?>
<!-- Generated by org.testng.reporters.JUnitXMLReporter -->
<testsuite hostname="DESKTOP-F1I28DR" name="Product_Store" tests="3" failures="0" timestamp="13 Dec 2021 13:19:07 GMT" time="23.135" errors="0">
  <testcase name="a_pageload" time="15.478" classname="testNGFramework.ProductStore"/>
  <testcase name="b_signUp" time="0.208" classname="testNGFramework.ProductStore"/>
  <testcase name="c_userInfo" time="7.442" classname="testNGFramework.ProductStore"/>
</testsuite> <!-- Product_Store -->
