<?xml version="1.0" encoding="UTF-8"?>
<!-- Generated by org.testng.reporters.JUnitXMLReporter -->
<testsuite hostname="DESKTOP-F1I28DR" name="Product_store_mobile" tests="4" failures="0" timestamp="13 Dec 2021 13:18:43 GMT" time="34.344" errors="0">
  <testcase name="a_pageload" time="13.215" classname="testNGFramework.ProductStoreMobile"/>
  <testcase name="b_mobileClick" time="11.033" classname="testNGFramework.ProductStoreMobile"/>
  <testcase name="c_printing" time="3.352" classname="testNGFramework.ProductStoreMobile"/>
  <testcase name="d_addToCart" time="6.73" classname="testNGFramework.ProductStoreMobile"/>
</testsuite> <!-- Product_store_mobile -->
