<?xml version="1.0" encoding="UTF-8"?>
<!-- Generated by org.testng.reporters.JUnitXMLReporter -->
<testsuite hostname="DESKTOP-F1I28DR" name="StoreContactAs" tests="3" failures="0" timestamp="13 Dec 2021 13:20:14 GMT" time="67.514" errors="0">
  <testcase name="a_pageload" time="44.115" classname="testNGFramework.StoreContactAs"/>
  <testcase name="b_contactus" time="12.021" classname="testNGFramework.StoreContactAs"/>
  <testcase name="c_dropDown" time="11.338" classname="testNGFramework.StoreContactAs"/>
</testsuite> <!-- StoreContactAs -->
