<?xml version="1.0" encoding="UTF-8"?>
<!-- Generated by org.testng.reporters.JUnitXMLReporter -->
<testsuite hostname="DESKTOP-F1I28DR" name="swaglabs_Userlogin_userlogout" tests="3" failures="0" timestamp="13 Dec 2021 13:17:57 GMT" time="20.182" errors="0">
  <testcase name="a_pageload" time="9.594" classname="testNGFramework.swaglab2"/>
  <testcase name="b_userLogin" time="0.807" classname="testNGFramework.swaglab2"/>
  <testcase name="c_userLogout" time="9.735" classname="testNGFramework.swaglab2"/>
</testsuite> <!-- swaglabs_Userlogin_userlogout -->
